2019-08-22 17:16:44,195  #############Strat#######################################################
2019-08-22 17:16:44,195  f1
2019-08-22 17:16:44,195  Train set shape (150, 60, 40)
2019-08-22 17:16:44,195  Test set shape (50, 60, 40)
2019-08-22 17:16:44,195  population 500
2019-08-22 17:16:44,195  generation 50
2019-08-22 17:16:44,195  cxProb 0.5
2019-08-22 17:16:44,195  mutProb 0.49
2019-08-22 17:16:44,195  elitismProb 0.01
2019-08-22 17:16:44,195  initialMinDepth 2
2019-08-22 17:16:44,195  initialMaxDepth 6
2019-08-22 17:16:44,195  maxDepth 8
2019-08-22 17:19:45,960     	      	            fitness            	          size_feature         	           size_tree           
   	      	-------------------------------	-------------------------------	-------------------------------
gen	nevals	avg    	max  	min	std    	avg    	max 	min	std    	avg   	max	min	std    
0  	500   	82.1199	95.33	38 	13.4658	581.336	1840	20 	341.506	32.106	60 	9  	13.5792
2019-08-22 17:21:30,975  1  	500   	91.2395	96   	48.67	3.25482	815.454	1840	156	331.677	29.018	64 	9  	14.478 
2019-08-22 17:23:13,616  2  	500   	92.272 	96.67	42.67	4.10822	793.54 	2100	301	335.77 	33.184	71 	9  	16.4024
2019-08-22 17:24:54,749  3  	500   	92.3184	96.67	0    	6.87564	877.086	1800	0  	284.033	41.754	85 	11 	19.2705
2019-08-22 17:26:48,664  4  	500   	93.6903	97.33	0    	6.18547	1020.34	1800	0  	169.093	53.682	81 	11 	13.5281
2019-08-22 17:27:08,760  #############Strat#######################################################
2019-08-22 17:27:08,761  f1
2019-08-22 17:27:08,761  Train set shape (150, 60, 40)
2019-08-22 17:27:08,761  Test set shape (50, 60, 40)
2019-08-22 17:27:08,761  population 500
2019-08-22 17:27:08,761  generation 50
2019-08-22 17:27:08,761  cxProb 0.5
2019-08-22 17:27:08,761  mutProb 0.49
2019-08-22 17:27:08,761  elitismProb 0.01
2019-08-22 17:27:08,761  initialMinDepth 2
2019-08-22 17:27:08,761  initialMaxDepth 6
2019-08-22 17:27:08,761  maxDepth 8
2019-08-22 17:27:08,852  #############Strat#######################################################
2019-08-22 17:27:08,852  f1
2019-08-22 17:27:08,852  Train set shape (150, 60, 40)
2019-08-22 17:27:08,852  Test set shape (50, 60, 40)
2019-08-22 17:27:08,852  population 500
2019-08-22 17:27:08,852  generation 50
2019-08-22 17:27:08,852  cxProb 0.5
2019-08-22 17:27:08,852  mutProb 0.49
2019-08-22 17:27:08,852  elitismProb 0.01
2019-08-22 17:27:08,852  initialMinDepth 2
2019-08-22 17:27:08,852  initialMaxDepth 6
2019-08-22 17:27:08,852  maxDepth 8
2019-08-22 17:27:08,855  #############Strat#######################################################
2019-08-22 17:27:08,855  #############Strat#######################################################
2019-08-22 17:27:08,855  f1
2019-08-22 17:27:08,855  Train set shape (150, 60, 40)
2019-08-22 17:27:08,855  f1
2019-08-22 17:27:08,855  Test set shape (50, 60, 40)
2019-08-22 17:27:08,855  Train set shape (150, 60, 40)
2019-08-22 17:27:08,855  Test set shape (50, 60, 40)
2019-08-22 17:27:08,855  population 500
2019-08-22 17:27:08,855  population 500
2019-08-22 17:27:08,855  generation 50
2019-08-22 17:27:08,855  generation 50
2019-08-22 17:27:08,855  cxProb 0.5
2019-08-22 17:27:08,855  cxProb 0.5
2019-08-22 17:27:08,855  mutProb 0.49
2019-08-22 17:27:08,855  mutProb 0.49
2019-08-22 17:27:08,855  elitismProb 0.01
2019-08-22 17:27:08,855  elitismProb 0.01
2019-08-22 17:27:08,855  initialMinDepth 2
2019-08-22 17:27:08,855  initialMinDepth 2
2019-08-22 17:27:08,855  initialMaxDepth 6
2019-08-22 17:27:08,855  initialMaxDepth 6
2019-08-22 17:27:08,855  maxDepth 8
2019-08-22 17:27:08,855  maxDepth 8
2019-08-22 17:27:08,876  #############Strat#######################################################
2019-08-22 17:27:08,876  f1
2019-08-22 17:27:08,876  Train set shape (150, 60, 40)
2019-08-22 17:27:08,876  Test set shape (50, 60, 40)
2019-08-22 17:27:08,876  population 500
2019-08-22 17:27:08,876  generation 50
2019-08-22 17:27:08,876  cxProb 0.5
2019-08-22 17:27:08,877  mutProb 0.49
2019-08-22 17:27:08,877  elitismProb 0.01
2019-08-22 17:27:08,877  initialMinDepth 2
2019-08-22 17:27:08,877  initialMaxDepth 6
2019-08-22 17:27:08,877  maxDepth 8
2019-08-22 17:27:08,916  #############Strat#######################################################
2019-08-22 17:27:08,916  f1
2019-08-22 17:27:08,916  Train set shape (150, 60, 40)
2019-08-22 17:27:08,916  Test set shape (50, 60, 40)
2019-08-22 17:27:08,916  population 500
2019-08-22 17:27:08,916  generation 50
2019-08-22 17:27:08,917  cxProb 0.5
2019-08-22 17:27:08,917  mutProb 0.49
2019-08-22 17:27:08,917  elitismProb 0.01
2019-08-22 17:27:08,917  initialMinDepth 2
2019-08-22 17:27:08,917  initialMaxDepth 6
2019-08-22 17:27:08,917  maxDepth 8
2019-08-22 17:27:08,919  #############Strat#######################################################
2019-08-22 17:27:08,919  f1
2019-08-22 17:27:08,919  Train set shape (150, 60, 40)
2019-08-22 17:27:08,919  Test set shape (50, 60, 40)
2019-08-22 17:27:08,919  population 500
2019-08-22 17:27:08,919  generation 50
2019-08-22 17:27:08,919  cxProb 0.5
2019-08-22 17:27:08,919  mutProb 0.49
2019-08-22 17:27:08,919  elitismProb 0.01
2019-08-22 17:27:08,919  initialMinDepth 2
2019-08-22 17:27:08,919  initialMaxDepth 6
2019-08-22 17:27:08,919  maxDepth 8
2019-08-22 17:27:08,928  #############Strat#######################################################
2019-08-22 17:27:08,928  f1
2019-08-22 17:27:08,928  Train set shape (150, 60, 40)
2019-08-22 17:27:08,928  Test set shape (50, 60, 40)
2019-08-22 17:27:08,928  population 500
2019-08-22 17:27:08,928  generation 50
2019-08-22 17:27:08,928  cxProb 0.5
2019-08-22 17:27:08,928  mutProb 0.49
2019-08-22 17:27:08,929  elitismProb 0.01
2019-08-22 17:27:08,929  initialMinDepth 2
2019-08-22 17:27:08,929  initialMaxDepth 6
2019-08-22 17:27:08,929  maxDepth 8
2019-08-22 17:27:08,939  #############Strat#######################################################
2019-08-22 17:27:08,939  f1
2019-08-22 17:27:08,939  Train set shape (150, 60, 40)
2019-08-22 17:27:08,939  Test set shape (50, 60, 40)
2019-08-22 17:27:08,939  population 500
2019-08-22 17:27:08,939  generation 50
2019-08-22 17:27:08,940  cxProb 0.5
2019-08-22 17:27:08,940  mutProb 0.49
2019-08-22 17:27:08,940  elitismProb 0.01
2019-08-22 17:27:08,940  initialMinDepth 2
2019-08-22 17:27:08,940  initialMaxDepth 6
2019-08-22 17:27:08,940  maxDepth 8
2019-08-22 17:27:08,976  #############Strat#######################################################
2019-08-22 17:27:08,976  f1
2019-08-22 17:27:08,976  Train set shape (150, 60, 40)
2019-08-22 17:27:08,976  Test set shape (50, 60, 40)
2019-08-22 17:27:08,976  population 500
2019-08-22 17:27:08,976  generation 50
2019-08-22 17:27:08,976  cxProb 0.5
2019-08-22 17:27:08,976  mutProb 0.49
2019-08-22 17:27:08,976  elitismProb 0.01
2019-08-22 17:27:08,976  initialMinDepth 2
2019-08-22 17:27:08,976  initialMaxDepth 6
2019-08-22 17:27:08,976  maxDepth 8
2019-08-22 17:27:08,986  #############Strat#######################################################
2019-08-22 17:27:08,986  f1
2019-08-22 17:27:08,986  Train set shape (150, 60, 40)
2019-08-22 17:27:08,986  Test set shape (50, 60, 40)
2019-08-22 17:27:08,986  population 500
2019-08-22 17:27:08,986  generation 50
2019-08-22 17:27:08,986  cxProb 0.5
2019-08-22 17:27:08,986  mutProb 0.49
2019-08-22 17:27:08,986  elitismProb 0.01
2019-08-22 17:27:08,986  initialMinDepth 2
2019-08-22 17:27:08,986  initialMaxDepth 6
2019-08-22 17:27:08,986  maxDepth 8
2019-08-22 17:27:09,002  #############Strat#######################################################
2019-08-22 17:27:09,002  f1
2019-08-22 17:27:09,002  Train set shape (150, 60, 40)
2019-08-22 17:27:09,002  Test set shape (50, 60, 40)
2019-08-22 17:27:09,002  population 500
2019-08-22 17:27:09,002  generation 50
2019-08-22 17:27:09,002  cxProb 0.5
2019-08-22 17:27:09,002  mutProb 0.49
2019-08-22 17:27:09,002  elitismProb 0.01
2019-08-22 17:27:09,002  initialMinDepth 2
2019-08-22 17:27:09,002  initialMaxDepth 6
2019-08-22 17:27:09,002  maxDepth 8
2019-08-22 17:27:09,021  #############Strat#######################################################
2019-08-22 17:27:09,021  f1
2019-08-22 17:27:09,021  Train set shape (150, 60, 40)
2019-08-22 17:27:09,021  Test set shape (50, 60, 40)
2019-08-22 17:27:09,021  population 500
2019-08-22 17:27:09,021  generation 50
2019-08-22 17:27:09,021  cxProb 0.5
2019-08-22 17:27:09,021  mutProb 0.49
2019-08-22 17:27:09,021  elitismProb 0.01
2019-08-22 17:27:09,021  initialMinDepth 2
2019-08-22 17:27:09,021  initialMaxDepth 6
2019-08-22 17:27:09,021  maxDepth 8
2019-08-22 17:28:00,957  #############Strat#######################################################
2019-08-22 17:28:00,957  f1
2019-08-22 17:28:00,957  Train set shape (150, 60, 40)
2019-08-22 17:28:00,958  Test set shape (50, 60, 40)
2019-08-22 17:28:00,958  population 500
2019-08-22 17:28:00,958  generation 50
2019-08-22 17:28:00,958  cxProb 0.5
2019-08-22 17:28:00,958  mutProb 0.49
2019-08-22 17:28:00,958  elitismProb 0.01
2019-08-22 17:28:00,958  initialMinDepth 2
2019-08-22 17:28:00,958  initialMaxDepth 6
2019-08-22 17:28:00,958  maxDepth 8
2019-08-22 17:28:00,969  #############Strat#######################################################
2019-08-22 17:28:00,969  f1
2019-08-22 17:28:00,969  Train set shape (150, 60, 40)
2019-08-22 17:28:00,969  Test set shape (50, 60, 40)
2019-08-22 17:28:00,969  population 500
2019-08-22 17:28:00,969  generation 50
2019-08-22 17:28:00,969  cxProb 0.5
2019-08-22 17:28:00,970  mutProb 0.49
2019-08-22 17:28:00,970  elitismProb 0.01
2019-08-22 17:28:00,970  initialMinDepth 2
2019-08-22 17:28:00,970  initialMaxDepth 6
2019-08-22 17:28:00,970  maxDepth 8
2019-08-22 17:28:01,000  #############Strat#######################################################
2019-08-22 17:28:01,000  f1
2019-08-22 17:28:01,000  Train set shape (150, 60, 40)
2019-08-22 17:28:01,000  Test set shape (50, 60, 40)
2019-08-22 17:28:01,000  population 500
2019-08-22 17:28:01,000  generation 50
2019-08-22 17:28:01,000  cxProb 0.5
2019-08-22 17:28:01,000  mutProb 0.49
2019-08-22 17:28:01,000  elitismProb 0.01
2019-08-22 17:28:01,000  initialMinDepth 2
2019-08-22 17:28:01,000  initialMaxDepth 6
2019-08-22 17:28:01,000  maxDepth 8
2019-08-22 17:28:01,046  #############Strat#######################################################
2019-08-22 17:28:01,046  f1
2019-08-22 17:28:01,046  Train set shape (150, 60, 40)
2019-08-22 17:28:01,046  Test set shape (50, 60, 40)
2019-08-22 17:28:01,046  population 500
2019-08-22 17:28:01,046  generation 50
2019-08-22 17:28:01,046  cxProb 0.5
2019-08-22 17:28:01,046  mutProb 0.49
2019-08-22 17:28:01,046  elitismProb 0.01
2019-08-22 17:28:01,046  initialMinDepth 2
2019-08-22 17:28:01,046  initialMaxDepth 6
2019-08-22 17:28:01,046  maxDepth 8
2019-08-22 17:28:01,048  #############Strat#######################################################
2019-08-22 17:28:01,048  f1
2019-08-22 17:28:01,048  Train set shape (150, 60, 40)
2019-08-22 17:28:01,049  Test set shape (50, 60, 40)
2019-08-22 17:28:01,049  population 500
2019-08-22 17:28:01,049  generation 50
2019-08-22 17:28:01,049  cxProb 0.5
2019-08-22 17:28:01,049  mutProb 0.49
2019-08-22 17:28:01,049  elitismProb 0.01
2019-08-22 17:28:01,049  initialMinDepth 2
2019-08-22 17:28:01,049  initialMaxDepth 6
2019-08-22 17:28:01,049  maxDepth 8
2019-08-22 17:28:01,088  #############Strat#######################################################
2019-08-22 17:28:01,088  f1
2019-08-22 17:28:01,088  Train set shape (150, 60, 40)
2019-08-22 17:28:01,088  Test set shape (50, 60, 40)
2019-08-22 17:28:01,088  population 500
2019-08-22 17:28:01,088  generation 50
2019-08-22 17:28:01,088  cxProb 0.5
2019-08-22 17:28:01,088  mutProb 0.49
2019-08-22 17:28:01,088  elitismProb 0.01
2019-08-22 17:28:01,088  initialMinDepth 2
2019-08-22 17:28:01,088  initialMaxDepth 6
2019-08-22 17:28:01,088  maxDepth 8
2019-08-22 17:28:01,123  #############Strat#######################################################
2019-08-22 17:28:01,124  f1
2019-08-22 17:28:01,124  Train set shape (150, 60, 40)
2019-08-22 17:28:01,124  Test set shape (50, 60, 40)
2019-08-22 17:28:01,124  population 500
2019-08-22 17:28:01,124  generation 50
2019-08-22 17:28:01,124  cxProb 0.5
2019-08-22 17:28:01,124  mutProb 0.49
2019-08-22 17:28:01,124  elitismProb 0.01
2019-08-22 17:28:01,124  initialMinDepth 2
2019-08-22 17:28:01,124  initialMaxDepth 6
2019-08-22 17:28:01,126  maxDepth 8
2019-08-22 17:28:01,126  #############Strat#######################################################
2019-08-22 17:28:01,126  f1
2019-08-22 17:28:01,126  Train set shape (150, 60, 40)
2019-08-22 17:28:01,126  Test set shape (50, 60, 40)
2019-08-22 17:28:01,126  population 500
2019-08-22 17:28:01,126  generation 50
2019-08-22 17:28:01,126  cxProb 0.5
2019-08-22 17:28:01,126  mutProb 0.49
2019-08-22 17:28:01,126  elitismProb 0.01
2019-08-22 17:28:01,126  initialMinDepth 2
2019-08-22 17:28:01,127  initialMaxDepth 6
2019-08-22 17:28:01,127  maxDepth 8
2019-08-22 17:28:01,174  #############Strat#######################################################
2019-08-22 17:28:01,174  f1
2019-08-22 17:28:01,174  Train set shape (150, 60, 40)
2019-08-22 17:28:01,174  Test set shape (50, 60, 40)
2019-08-22 17:28:01,174  population 500
2019-08-22 17:28:01,174  generation 50
2019-08-22 17:28:01,174  cxProb 0.5
2019-08-22 17:28:01,174  mutProb 0.49
2019-08-22 17:28:01,174  elitismProb 0.01
2019-08-22 17:28:01,175  initialMinDepth 2
2019-08-22 17:28:01,175  initialMaxDepth 6
2019-08-22 17:28:01,175  maxDepth 8
2019-08-22 17:28:01,201  #############Strat#######################################################
2019-08-22 17:28:01,201  f1
2019-08-22 17:28:01,201  Train set shape (150, 60, 40)
2019-08-22 17:28:01,201  Test set shape (50, 60, 40)
2019-08-22 17:28:01,201  population 500
2019-08-22 17:28:01,201  generation 50
2019-08-22 17:28:01,201  cxProb 0.5
2019-08-22 17:28:01,201  mutProb 0.49
2019-08-22 17:28:01,201  elitismProb 0.01
2019-08-22 17:28:01,202  initialMinDepth 2
2019-08-22 17:28:01,202  initialMaxDepth 6
2019-08-22 17:28:01,202  maxDepth 8
2019-08-22 17:28:01,203  #############Strat#######################################################
2019-08-22 17:28:01,204  f1
2019-08-22 17:28:01,204  Train set shape (150, 60, 40)
2019-08-22 17:28:01,204  Test set shape (50, 60, 40)
2019-08-22 17:28:01,204  population 500
2019-08-22 17:28:01,204  generation 50
2019-08-22 17:28:01,204  cxProb 0.5
2019-08-22 17:28:01,204  mutProb 0.49
2019-08-22 17:28:01,204  elitismProb 0.01
2019-08-22 17:28:01,204  initialMinDepth 2
2019-08-22 17:28:01,204  initialMaxDepth 6
2019-08-22 17:28:01,204  maxDepth 8
2019-08-22 17:28:01,230  #############Strat#######################################################
2019-08-22 17:28:01,230  f1
2019-08-22 17:28:01,230  Train set shape (150, 60, 40)
2019-08-22 17:28:01,230  Test set shape (50, 60, 40)
2019-08-22 17:28:01,230  population 500
2019-08-22 17:28:01,230  generation 50
2019-08-22 17:28:01,230  cxProb 0.5
2019-08-22 17:28:01,230  mutProb 0.49
2019-08-22 17:28:01,230  elitismProb 0.01
2019-08-22 17:28:01,230  initialMinDepth 2
2019-08-22 17:28:01,230  initialMaxDepth 6
2019-08-22 17:28:01,230  maxDepth 8
2019-08-22 17:28:01,291  #############Strat#######################################################
2019-08-22 17:28:01,291  f1
2019-08-22 17:28:01,291  Train set shape (150, 60, 40)
2019-08-22 17:28:01,291  Test set shape (50, 60, 40)
2019-08-22 17:28:01,291  population 500
2019-08-22 17:28:01,291  generation 50
2019-08-22 17:28:01,291  cxProb 0.5
2019-08-22 17:28:01,291  mutProb 0.49
2019-08-22 17:28:01,291  elitismProb 0.01
2019-08-22 17:28:01,291  initialMinDepth 2
2019-08-22 17:28:01,291  initialMaxDepth 6
2019-08-22 17:28:01,291  maxDepth 8
2019-08-22 17:28:35,822     	      	            fitness            	          size_feature         	           size_tree           
   	      	-------------------------------	-------------------------------	-------------------------------
gen	nevals	avg  	max  	min  	std    	avg    	max 	min	std    	avg   	max	min	std    
0  	500   	82.38	94.67	33.33	13.0414	581.336	1840	20 	341.506	32.106	60 	9  	13.5792
2019-08-22 17:28:57,426  1  	500   	91.3665	95.33	67.33	2.09389	813.984	1840	115	315.51 	29.75 	88 	9  	14.3783
2019-08-22 17:29:25,012  2  	500   	92.7295	95.33	74   	2.04356	869.232	1840	84 	302.485	35.452	72 	9  	12.8045
2019-08-22 17:29:36,729  5  	500   	93.5727	97.33	0    	10.1939	1042.88	1500	0  	172.709	57.066	87 	16 	10.4761
2019-08-22 17:29:57,824  3  	500   	93.6825	96   	77.33	1.92236	991.902	1820	450	259.536	36.944	67 	9  	11.3997
